<?xml version="1.0" encoding="UTF-8"?>
<!-- Generated by org.testng.reporters.JUnitReportReporter -->
<testsuite hostname="DESKTOP-C72HJF8" failures="0" tests="1" name="winapp.NotepadLaunch" time="8.328" errors="0" timestamp="2025-05-20T14:00:09 IST" skipped="0">
  <testcase classname="winapp.NotepadLaunch" name="editFile" time="8.328"/>
</testsuite> <!-- winapp.NotepadLaunch -->
